2011/06/02 19:57:05 にビルドを開始しました。
     1>ノード 2 上のプロジェクト "C:\Users\rozken\Documents\Dropbox\Development\cpp\physX\gltPhysx\gltPhysx\gltPhysx.vcxproj" (build ターゲット)。
     1>InitializeBuildStatus:
         "Debug\gltPhysx.unsuccessfulbuild" のタッチ タスクを実行しています。
       ClCompile:
         D:\Program Files (x86)\Microsoft Visual Studio 10.0\VC\bin\CL.exe /c /ZI /nologo /W3 /WX- /Od /Oy- /D WIN32 /D _DEBUG /D _CONSOLE /D _UNICODE /D UNICODE /Gm /EHsc /RTC1 /MDd /GS /fp:precise /Zc:wchar_t /Zc:forScope /Fo"Debug\\" /Fd"Debug\vc100.pdb" /Gd /TP /analyze- /errorReport:prompt gltPhysX.cpp
         gltPhysX.cpp
     1>c:\users\rozken\documents\dropbox\development\cpp\physx\gltphysx\gltphysx\gltphysx.cpp(14): warning C4018: '<' : signed と unsigned の数値を比較しようとしました。
     1>c:\users\rozken\documents\dropbox\development\cpp\physx\gltphysx\gltphysx\gltphysx.cpp(85): warning C4018: '<' : signed と unsigned の数値を比較しようとしました。
       ManifestResourceCompile:
         すべての出力が最新のものです。
       Link:
         D:\Program Files (x86)\Microsoft Visual Studio 10.0\VC\bin\link.exe /ERRORREPORT:PROMPT /OUT:"C:\Users\rozken\Documents\Dropbox\Development\cpp\physX\gltPhysx\Debug\gltPhysx.exe" /INCREMENTAL /NOLOGO PhysXLoader.lib kernel32.lib user32.lib gdi32.lib winspool.lib comdlg32.lib advapi32.lib shell32.lib ole32.lib oleaut32.lib uuid.lib odbc32.lib odbccp32.lib /MANIFEST /ManifestFile:"Debug\gltPhysx.exe.intermediate.manifest" /MANIFESTUAC:"level='asInvoker' uiAccess='false'" /DEBUG /PDB:"C:\Users\rozken\Documents\Dropbox\Development\cpp\physX\gltPhysx\Debug\gltPhysx.pdb" /SUBSYSTEM:CONSOLE /TLBID:1 /DYNAMICBASE /NXCOMPAT /IMPLIB:"C:\Users\rozken\Documents\Dropbox\Development\cpp\physX\gltPhysx\Debug\gltPhysx.lib" /MACHINE:X86 Debug\gltPhysx.exe.embed.manifest.res
         Debug\ActorGroundPlane.obj
         Debug\gltPhysX.obj
         Debug\main.obj
       Manifest:
         C:\Program Files (x86)\Microsoft SDKs\Windows\v7.0A\bin\mt.exe /nologo /verbose /out:"Debug\gltPhysx.exe.embed.manifest" /manifest Debug\gltPhysx.exe.intermediate.manifest
         すべての出力が最新のものです。
       LinkEmbedManifest:
         すべての出力が最新のものです。
         gltPhysx.vcxproj -> C:\Users\rozken\Documents\Dropbox\Development\cpp\physX\gltPhysx\Debug\gltPhysx.exe
       FinalizeBuildStatus:
         ファイル "Debug\gltPhysx.unsuccessfulbuild" を削除しています。
         "Debug\gltPhysx.lastbuildstate" のタッチ タスクを実行しています。
     1>プロジェクト "C:\Users\rozken\Documents\Dropbox\Development\cpp\physX\gltPhysx\gltPhysx\gltPhysx.vcxproj" (build ターゲット) のビルドが完了しました。

ビルドに成功しました。

経過時間 00:00:05.11
