C:\USERS\ROZKEN\DOCUMENTS\DROPBOX\DEVELOPMENT\CPP\PHYSX\GLTPHYSX\DEBUG\GLTPHYSX.EXE
C:\USERS\ROZKEN\DOCUMENTS\DROPBOX\DEVELOPMENT\CPP\PHYSX\GLTPHYSX\DEBUG\GLTPHYSX.ILK
C:\USERS\ROZKEN\DOCUMENTS\DROPBOX\DEVELOPMENT\CPP\PHYSX\GLTPHYSX\DEBUG\GLTPHYSX.PDB
C:\Users\rozken\Documents\Dropbox\Development\cpp\physX\gltPhysx\gltPhysx\Debug\cl.command.1.tlog
C:\Users\rozken\Documents\Dropbox\Development\cpp\physX\gltPhysx\gltPhysx\Debug\CL.read.1.tlog
C:\Users\rozken\Documents\Dropbox\Development\cpp\physX\gltPhysx\gltPhysx\Debug\CL.write.1.tlog
C:\USERS\ROZKEN\DOCUMENTS\DROPBOX\DEVELOPMENT\CPP\PHYSX\GLTPHYSX\GLTPHYSX\DEBUG\GLTPHYSX.EXE.EMBED.MANIFEST
C:\USERS\ROZKEN\DOCUMENTS\DROPBOX\DEVELOPMENT\CPP\PHYSX\GLTPHYSX\GLTPHYSX\DEBUG\GLTPHYSX.EXE.EMBED.MANIFEST.RES
C:\USERS\ROZKEN\DOCUMENTS\DROPBOX\DEVELOPMENT\CPP\PHYSX\GLTPHYSX\GLTPHYSX\DEBUG\GLTPHYSX.EXE.INTERMEDIATE.MANIFEST
C:\USERS\ROZKEN\DOCUMENTS\DROPBOX\DEVELOPMENT\CPP\PHYSX\GLTPHYSX\GLTPHYSX\DEBUG\GLTPHYSX.OBJ
C:\Users\rozken\Documents\Dropbox\Development\cpp\physX\gltPhysx\gltPhysx\Debug\gltPhysx_manifest.rc
C:\Users\rozken\Documents\Dropbox\Development\cpp\physX\gltPhysx\gltPhysx\Debug\link.5304.read.1.tlog
C:\Users\rozken\Documents\Dropbox\Development\cpp\physX\gltPhysx\gltPhysx\Debug\link.5304.write.1.tlog
C:\Users\rozken\Documents\Dropbox\Development\cpp\physX\gltPhysx\gltPhysx\Debug\link.5304-cvtres.read.1.tlog
C:\Users\rozken\Documents\Dropbox\Development\cpp\physX\gltPhysx\gltPhysx\Debug\link.5304-cvtres.write.1.tlog
C:\Users\rozken\Documents\Dropbox\Development\cpp\physX\gltPhysx\gltPhysx\Debug\link.5492.read.1.tlog
C:\Users\rozken\Documents\Dropbox\Development\cpp\physX\gltPhysx\gltPhysx\Debug\link.5492.write.1.tlog
C:\Users\rozken\Documents\Dropbox\Development\cpp\physX\gltPhysx\gltPhysx\Debug\link.5492-cvtres.read.1.tlog
C:\Users\rozken\Documents\Dropbox\Development\cpp\physX\gltPhysx\gltPhysx\Debug\link.5492-cvtres.write.1.tlog
C:\Users\rozken\Documents\Dropbox\Development\cpp\physX\gltPhysx\gltPhysx\Debug\link.7268.read.1.tlog
C:\Users\rozken\Documents\Dropbox\Development\cpp\physX\gltPhysx\gltPhysx\Debug\link.7268.write.1.tlog
C:\Users\rozken\Documents\Dropbox\Development\cpp\physX\gltPhysx\gltPhysx\Debug\link.7268-cvtres.read.1.tlog
C:\Users\rozken\Documents\Dropbox\Development\cpp\physX\gltPhysx\gltPhysx\Debug\link.7268-cvtres.write.1.tlog
C:\Users\rozken\Documents\Dropbox\Development\cpp\physX\gltPhysx\gltPhysx\Debug\link.7332.read.1.tlog
C:\Users\rozken\Documents\Dropbox\Development\cpp\physX\gltPhysx\gltPhysx\Debug\link.7332.write.1.tlog
C:\Users\rozken\Documents\Dropbox\Development\cpp\physX\gltPhysx\gltPhysx\Debug\link.7332-cvtres.read.1.tlog
C:\Users\rozken\Documents\Dropbox\Development\cpp\physX\gltPhysx\gltPhysx\Debug\link.7332-cvtres.write.1.tlog
C:\Users\rozken\Documents\Dropbox\Development\cpp\physX\gltPhysx\gltPhysx\Debug\link.7804.read.1.tlog
C:\Users\rozken\Documents\Dropbox\Development\cpp\physX\gltPhysx\gltPhysx\Debug\link.7804.write.1.tlog
C:\Users\rozken\Documents\Dropbox\Development\cpp\physX\gltPhysx\gltPhysx\Debug\link.7804-cvtres.read.1.tlog
C:\Users\rozken\Documents\Dropbox\Development\cpp\physX\gltPhysx\gltPhysx\Debug\link.7804-cvtres.write.1.tlog
C:\Users\rozken\Documents\Dropbox\Development\cpp\physX\gltPhysx\gltPhysx\Debug\link.command.1.tlog
C:\Users\rozken\Documents\Dropbox\Development\cpp\physX\gltPhysx\gltPhysx\Debug\link.read.1.tlog
C:\Users\rozken\Documents\Dropbox\Development\cpp\physX\gltPhysx\gltPhysx\Debug\link.write.1.tlog
C:\Users\rozken\Documents\Dropbox\Development\cpp\physX\gltPhysx\gltPhysx\Debug\link-cvtres.read.1.tlog
C:\Users\rozken\Documents\Dropbox\Development\cpp\physX\gltPhysx\gltPhysx\Debug\link-cvtres.write.1.tlog
C:\USERS\ROZKEN\DOCUMENTS\DROPBOX\DEVELOPMENT\CPP\PHYSX\GLTPHYSX\GLTPHYSX\DEBUG\MAIN.OBJ
C:\Users\rozken\Documents\Dropbox\Development\cpp\physX\gltPhysx\gltPhysx\Debug\mt.command.1.tlog
C:\Users\rozken\Documents\Dropbox\Development\cpp\physX\gltPhysx\gltPhysx\Debug\mt.read.1.tlog
C:\Users\rozken\Documents\Dropbox\Development\cpp\physX\gltPhysx\gltPhysx\Debug\mt.write.1.tlog
C:\Users\rozken\Documents\Dropbox\Development\cpp\physX\gltPhysx\gltPhysx\Debug\rc.command.1.tlog
C:\Users\rozken\Documents\Dropbox\Development\cpp\physX\gltPhysx\gltPhysx\Debug\rc.read.1.tlog
C:\Users\rozken\Documents\Dropbox\Development\cpp\physX\gltPhysx\gltPhysx\Debug\rc.write.1.tlog
C:\Users\rozken\Documents\Dropbox\Development\cpp\physX\gltPhysx\gltPhysx\Debug\vc100.idb
C:\USERS\ROZKEN\DOCUMENTS\DROPBOX\DEVELOPMENT\CPP\PHYSX\GLTPHYSX\GLTPHYSX\DEBUG\VC100.PDB
